2015-06-17 11:07:40 [-][-][-][error][yii\console\Exception] exception 'yii\base\InvalidRouteException' with message 'Unable to resolve the request "/rbac/migrations".' in D:\Server\www\project\vendor\yiisoft\yii2\base\Module.php:461
Stack trace:
#0 D:\Server\www\project\vendor\yiisoft\yii2\console\Application.php(161): yii\base\Module->runAction('/rbac/migration...', Array)
#1 D:\Server\www\project\vendor\yiisoft\yii2\console\Application.php(137): yii\console\Application->runAction('/rbac/migration...', Array)
#2 D:\Server\www\project\vendor\yiisoft\yii2\base\Application.php(375): yii\console\Application->handleRequest(Object(yii\console\Request))
#3 D:\Server\www\project\yii(31): yii\base\Application->run()
#4 {main}

Next exception 'yii\console\Exception' with message 'Unknown command "/rbac/migrations".' in D:\Server\www\project\vendor\yiisoft\yii2\console\Application.php:163
Stack trace:
#0 D:\Server\www\project\vendor\yiisoft\yii2\console\Application.php(137): yii\console\Application->runAction('/rbac/migration...', Array)
#1 D:\Server\www\project\vendor\yiisoft\yii2\base\Application.php(375): yii\console\Application->handleRequest(Object(yii\console\Request))
#2 D:\Server\www\project\yii(31): yii\base\Application->run()
#3 {main}
2015-06-17 11:07:40 [-][-][-][info][application] $_SERVER = [
    'ALLUSERSPROFILE' => 'C:\\ProgramData'
    'APPDATA' => 'C:\\Users\\User\\AppData\\Roaming'
    'CommonProgramFiles' => 'C:\\Program Files (x86)\\Common Files'
    'CommonProgramFiles(x86)' => 'C:\\Program Files (x86)\\Common Files'
    'CommonProgramW6432' => 'C:\\Program Files\\Common Files'
    'COMPUTERNAME' => 'W002'
    'ComSpec' => 'C:\\Windows\\system32\\cmd.exe'
    'FP_NO_HOST_CHECK' => 'NO'
    'HOMEDRIVE' => 'C:'
    'HOMEPATH' => '\\Users\\User'
    'LOCALAPPDATA' => 'C:\\Users\\User\\AppData\\Local'
    'LOGONSERVER' => '\\\\W002'
    'NUMBER_OF_PROCESSORS' => '2'
    'OS' => 'Windows_NT'
    'Path' => 'C:\\ProgramData\\Oracle\\Java\\javapath;C:\\Windows\\system32;C:\\Windows;C:\\Windows\\System32\\Wbem;C:\\Windows\\System32\\WindowsPowerShell\\v1.0\\;C:\\Program Files (x86)\\nodejs\\;D:\\Server\\php;C:\\ProgramData\\ComposerSetup\\bin;C:\\Program Files (x86)\\Skype\\Phone\\;C:\\Users\\User\\AppData\\Roaming\\npm;C:\\Program Files (x86)\\Java\\jre7\\bin'
    'PATHEXT' => '.COM;.EXE;.BAT;.CMD;.VBS;.VBE;.JS;.JSE;.WSF;.WSH;.MSC'
    'PHP_COMMAND' => 'php.exe'
    'PROCESSOR_ARCHITECTURE' => 'x86'
    'PROCESSOR_ARCHITEW6432' => 'AMD64'
    'PROCESSOR_IDENTIFIER' => 'Intel64 Family 6 Model 58 Stepping 9, GenuineIntel'
    'PROCESSOR_LEVEL' => '6'
    'PROCESSOR_REVISION' => '3a09'
    'ProgramData' => 'C:\\ProgramData'
    'ProgramFiles' => 'C:\\Program Files (x86)'
    'ProgramFiles(x86)' => 'C:\\Program Files (x86)'
    'ProgramW6432' => 'C:\\Program Files'
    'PROMPT' => '$P$G'
    'PSModulePath' => 'C:\\Windows\\system32\\WindowsPowerShell\\v1.0\\Modules\\'
    'PUBLIC' => 'C:\\Users\\Public'
    'SESSIONNAME' => 'Console'
    'SystemDrive' => 'C:'
    'SystemRoot' => 'C:\\Windows'
    'TEMP' => 'C:\\Users\\User\\AppData\\Local\\Temp'
    'TMP' => 'C:\\Users\\User\\AppData\\Local\\Temp'
    'USERDOMAIN' => 'w002'
    'USERNAME' => 'User'
    'USERPROFILE' => 'C:\\Users\\User'
    'windir' => 'C:\\Windows'
    'windows_tracing_flags' => '3'
    'windows_tracing_logfile' => 'C:\\BVTBin\\Tests\\installpackage\\csilogfile.log'
    'YII_PATH' => 'D:\\Server\\www\\project\\'
    'PHP_SELF' => 'D:\\Server\\www\\project\\yii'
    'SCRIPT_NAME' => 'D:\\Server\\www\\project\\yii'
    'SCRIPT_FILENAME' => 'D:\\Server\\www\\project\\yii'
    'PATH_TRANSLATED' => 'D:\\Server\\www\\project\\yii'
    'DOCUMENT_ROOT' => ''
    'REQUEST_TIME_FLOAT' => 1434539260.3436
    'REQUEST_TIME' => 1434539260
    'argv' => [
        0 => 'D:\\Server\\www\\project\\yii'
        1 => '/rbac/migrations'
    ]
    'argc' => 2
]
2015-06-17 11:16:35 [-][-][-][error][yii\console\Exception] exception 'yii\base\InvalidRouteException' with message 'Unable to resolve the request "rbac/init".' in D:\Server\www\project\vendor\yiisoft\yii2\base\Module.php:461
Stack trace:
#0 D:\Server\www\project\vendor\yiisoft\yii2\console\Application.php(161): yii\base\Module->runAction('rbac/init', Array)
#1 D:\Server\www\project\vendor\yiisoft\yii2\console\Application.php(137): yii\console\Application->runAction('rbac/init', Array)
#2 D:\Server\www\project\vendor\yiisoft\yii2\base\Application.php(375): yii\console\Application->handleRequest(Object(yii\console\Request))
#3 D:\Server\www\project\yii(31): yii\base\Application->run()
#4 {main}

Next exception 'yii\console\Exception' with message 'Unknown command "rbac/init".' in D:\Server\www\project\vendor\yiisoft\yii2\console\Application.php:163
Stack trace:
#0 D:\Server\www\project\vendor\yiisoft\yii2\console\Application.php(137): yii\console\Application->runAction('rbac/init', Array)
#1 D:\Server\www\project\vendor\yiisoft\yii2\base\Application.php(375): yii\console\Application->handleRequest(Object(yii\console\Request))
#2 D:\Server\www\project\yii(31): yii\base\Application->run()
#3 {main}
2015-06-17 11:16:35 [-][-][-][info][application] $_SERVER = [
    'ALLUSERSPROFILE' => 'C:\\ProgramData'
    'APPDATA' => 'C:\\Users\\User\\AppData\\Roaming'
    'CommonProgramFiles' => 'C:\\Program Files (x86)\\Common Files'
    'CommonProgramFiles(x86)' => 'C:\\Program Files (x86)\\Common Files'
    'CommonProgramW6432' => 'C:\\Program Files\\Common Files'
    'COMPUTERNAME' => 'W002'
    'ComSpec' => 'C:\\Windows\\system32\\cmd.exe'
    'FP_NO_HOST_CHECK' => 'NO'
    'HOMEDRIVE' => 'C:'
    'HOMEPATH' => '\\Users\\User'
    'LOCALAPPDATA' => 'C:\\Users\\User\\AppData\\Local'
    'LOGONSERVER' => '\\\\W002'
    'NUMBER_OF_PROCESSORS' => '2'
    'OS' => 'Windows_NT'
    'Path' => 'C:\\ProgramData\\Oracle\\Java\\javapath;C:\\Windows\\system32;C:\\Windows;C:\\Windows\\System32\\Wbem;C:\\Windows\\System32\\WindowsPowerShell\\v1.0\\;C:\\Program Files (x86)\\nodejs\\;D:\\Server\\php;C:\\ProgramData\\ComposerSetup\\bin;C:\\Program Files (x86)\\Skype\\Phone\\;C:\\Users\\User\\AppData\\Roaming\\npm;C:\\Program Files (x86)\\Java\\jre7\\bin'
    'PATHEXT' => '.COM;.EXE;.BAT;.CMD;.VBS;.VBE;.JS;.JSE;.WSF;.WSH;.MSC'
    'PHP_COMMAND' => 'php.exe'
    'PROCESSOR_ARCHITECTURE' => 'x86'
    'PROCESSOR_ARCHITEW6432' => 'AMD64'
    'PROCESSOR_IDENTIFIER' => 'Intel64 Family 6 Model 58 Stepping 9, GenuineIntel'
    'PROCESSOR_LEVEL' => '6'
    'PROCESSOR_REVISION' => '3a09'
    'ProgramData' => 'C:\\ProgramData'
    'ProgramFiles' => 'C:\\Program Files (x86)'
    'ProgramFiles(x86)' => 'C:\\Program Files (x86)'
    'ProgramW6432' => 'C:\\Program Files'
    'PROMPT' => '$P$G'
    'PSModulePath' => 'C:\\Windows\\system32\\WindowsPowerShell\\v1.0\\Modules\\'
    'PUBLIC' => 'C:\\Users\\Public'
    'SESSIONNAME' => 'Console'
    'SystemDrive' => 'C:'
    'SystemRoot' => 'C:\\Windows'
    'TEMP' => 'C:\\Users\\User\\AppData\\Local\\Temp'
    'TMP' => 'C:\\Users\\User\\AppData\\Local\\Temp'
    'USERDOMAIN' => 'w002'
    'USERNAME' => 'User'
    'USERPROFILE' => 'C:\\Users\\User'
    'windir' => 'C:\\Windows'
    'windows_tracing_flags' => '3'
    'windows_tracing_logfile' => 'C:\\BVTBin\\Tests\\installpackage\\csilogfile.log'
    'YII_PATH' => 'D:\\Server\\www\\project\\'
    'PHP_SELF' => 'D:\\Server\\www\\project\\yii'
    'SCRIPT_NAME' => 'D:\\Server\\www\\project\\yii'
    'SCRIPT_FILENAME' => 'D:\\Server\\www\\project\\yii'
    'PATH_TRANSLATED' => 'D:\\Server\\www\\project\\yii'
    'DOCUMENT_ROOT' => ''
    'REQUEST_TIME_FLOAT' => 1434539795.9148
    'REQUEST_TIME' => 1434539795
    'argv' => [
        0 => 'D:\\Server\\www\\project\\yii'
        1 => 'rbac/init'
    ]
    'argc' => 2
]
2015-06-17 11:26:06 [-][-][-][error][yii\console\Exception] exception 'yii\base\InvalidRouteException' with message 'Unable to resolve the request "rbac/init".' in D:\Server\www\project\vendor\yiisoft\yii2\base\Module.php:461
Stack trace:
#0 D:\Server\www\project\vendor\yiisoft\yii2\console\Application.php(161): yii\base\Module->runAction('rbac/init', Array)
#1 D:\Server\www\project\vendor\yiisoft\yii2\console\Application.php(137): yii\console\Application->runAction('rbac/init', Array)
#2 D:\Server\www\project\vendor\yiisoft\yii2\base\Application.php(375): yii\console\Application->handleRequest(Object(yii\console\Request))
#3 D:\Server\www\project\yii(31): yii\base\Application->run()
#4 {main}

Next exception 'yii\console\Exception' with message 'Unknown command "rbac/init".' in D:\Server\www\project\vendor\yiisoft\yii2\console\Application.php:163
Stack trace:
#0 D:\Server\www\project\vendor\yiisoft\yii2\console\Application.php(137): yii\console\Application->runAction('rbac/init', Array)
#1 D:\Server\www\project\vendor\yiisoft\yii2\base\Application.php(375): yii\console\Application->handleRequest(Object(yii\console\Request))
#2 D:\Server\www\project\yii(31): yii\base\Application->run()
#3 {main}
2015-06-17 11:26:06 [-][-][-][info][application] $_SERVER = [
    'ALLUSERSPROFILE' => 'C:\\ProgramData'
    'APPDATA' => 'C:\\Users\\User\\AppData\\Roaming'
    'CommonProgramFiles' => 'C:\\Program Files (x86)\\Common Files'
    'CommonProgramFiles(x86)' => 'C:\\Program Files (x86)\\Common Files'
    'CommonProgramW6432' => 'C:\\Program Files\\Common Files'
    'COMPUTERNAME' => 'W002'
    'ComSpec' => 'C:\\Windows\\system32\\cmd.exe'
    'FP_NO_HOST_CHECK' => 'NO'
    'HOMEDRIVE' => 'C:'
    'HOMEPATH' => '\\Users\\User'
    'LOCALAPPDATA' => 'C:\\Users\\User\\AppData\\Local'
    'LOGONSERVER' => '\\\\W002'
    'NUMBER_OF_PROCESSORS' => '2'
    'OS' => 'Windows_NT'
    'Path' => 'C:\\ProgramData\\Oracle\\Java\\javapath;C:\\Windows\\system32;C:\\Windows;C:\\Windows\\System32\\Wbem;C:\\Windows\\System32\\WindowsPowerShell\\v1.0\\;C:\\Program Files (x86)\\nodejs\\;D:\\Server\\php;C:\\ProgramData\\ComposerSetup\\bin;C:\\Program Files (x86)\\Skype\\Phone\\;C:\\Users\\User\\AppData\\Roaming\\npm;C:\\Program Files (x86)\\Java\\jre7\\bin'
    'PATHEXT' => '.COM;.EXE;.BAT;.CMD;.VBS;.VBE;.JS;.JSE;.WSF;.WSH;.MSC'
    'PHP_COMMAND' => 'php.exe'
    'PROCESSOR_ARCHITECTURE' => 'x86'
    'PROCESSOR_ARCHITEW6432' => 'AMD64'
    'PROCESSOR_IDENTIFIER' => 'Intel64 Family 6 Model 58 Stepping 9, GenuineIntel'
    'PROCESSOR_LEVEL' => '6'
    'PROCESSOR_REVISION' => '3a09'
    'ProgramData' => 'C:\\ProgramData'
    'ProgramFiles' => 'C:\\Program Files (x86)'
    'ProgramFiles(x86)' => 'C:\\Program Files (x86)'
    'ProgramW6432' => 'C:\\Program Files'
    'PROMPT' => '$P$G'
    'PSModulePath' => 'C:\\Windows\\system32\\WindowsPowerShell\\v1.0\\Modules\\'
    'PUBLIC' => 'C:\\Users\\Public'
    'SESSIONNAME' => 'Console'
    'SystemDrive' => 'C:'
    'SystemRoot' => 'C:\\Windows'
    'TEMP' => 'C:\\Users\\User\\AppData\\Local\\Temp'
    'TMP' => 'C:\\Users\\User\\AppData\\Local\\Temp'
    'USERDOMAIN' => 'w002'
    'USERNAME' => 'User'
    'USERPROFILE' => 'C:\\Users\\User'
    'windir' => 'C:\\Windows'
    'windows_tracing_flags' => '3'
    'windows_tracing_logfile' => 'C:\\BVTBin\\Tests\\installpackage\\csilogfile.log'
    'YII_PATH' => 'D:\\Server\\www\\project\\'
    'PHP_SELF' => 'D:\\Server\\www\\project\\yii'
    'SCRIPT_NAME' => 'D:\\Server\\www\\project\\yii'
    'SCRIPT_FILENAME' => 'D:\\Server\\www\\project\\yii'
    'PATH_TRANSLATED' => 'D:\\Server\\www\\project\\yii'
    'DOCUMENT_ROOT' => ''
    'REQUEST_TIME_FLOAT' => 1434540366.5856
    'REQUEST_TIME' => 1434540366
    'argv' => [
        0 => 'D:\\Server\\www\\project\\yii'
        1 => 'rbac/init'
    ]
    'argc' => 2
]
2015-06-17 11:26:08 [-][-][-][error][yii\console\Exception] exception 'yii\base\InvalidRouteException' with message 'Unable to resolve the request "rbac/init".' in D:\Server\www\project\vendor\yiisoft\yii2\base\Module.php:461
Stack trace:
#0 D:\Server\www\project\vendor\yiisoft\yii2\console\Application.php(161): yii\base\Module->runAction('rbac/init', Array)
#1 D:\Server\www\project\vendor\yiisoft\yii2\console\Application.php(137): yii\console\Application->runAction('rbac/init', Array)
#2 D:\Server\www\project\vendor\yiisoft\yii2\base\Application.php(375): yii\console\Application->handleRequest(Object(yii\console\Request))
#3 D:\Server\www\project\yii(31): yii\base\Application->run()
#4 {main}

Next exception 'yii\console\Exception' with message 'Unknown command "rbac/init".' in D:\Server\www\project\vendor\yiisoft\yii2\console\Application.php:163
Stack trace:
#0 D:\Server\www\project\vendor\yiisoft\yii2\console\Application.php(137): yii\console\Application->runAction('rbac/init', Array)
#1 D:\Server\www\project\vendor\yiisoft\yii2\base\Application.php(375): yii\console\Application->handleRequest(Object(yii\console\Request))
#2 D:\Server\www\project\yii(31): yii\base\Application->run()
#3 {main}
2015-06-17 11:26:08 [-][-][-][info][application] $_SERVER = [
    'ALLUSERSPROFILE' => 'C:\\ProgramData'
    'APPDATA' => 'C:\\Users\\User\\AppData\\Roaming'
    'CommonProgramFiles' => 'C:\\Program Files (x86)\\Common Files'
    'CommonProgramFiles(x86)' => 'C:\\Program Files (x86)\\Common Files'
    'CommonProgramW6432' => 'C:\\Program Files\\Common Files'
    'COMPUTERNAME' => 'W002'
    'ComSpec' => 'C:\\Windows\\system32\\cmd.exe'
    'FP_NO_HOST_CHECK' => 'NO'
    'HOMEDRIVE' => 'C:'
    'HOMEPATH' => '\\Users\\User'
    'LOCALAPPDATA' => 'C:\\Users\\User\\AppData\\Local'
    'LOGONSERVER' => '\\\\W002'
    'NUMBER_OF_PROCESSORS' => '2'
    'OS' => 'Windows_NT'
    'Path' => 'C:\\ProgramData\\Oracle\\Java\\javapath;C:\\Windows\\system32;C:\\Windows;C:\\Windows\\System32\\Wbem;C:\\Windows\\System32\\WindowsPowerShell\\v1.0\\;C:\\Program Files (x86)\\nodejs\\;D:\\Server\\php;C:\\ProgramData\\ComposerSetup\\bin;C:\\Program Files (x86)\\Skype\\Phone\\;C:\\Users\\User\\AppData\\Roaming\\npm;C:\\Program Files (x86)\\Java\\jre7\\bin'
    'PATHEXT' => '.COM;.EXE;.BAT;.CMD;.VBS;.VBE;.JS;.JSE;.WSF;.WSH;.MSC'
    'PHP_COMMAND' => 'php.exe'
    'PROCESSOR_ARCHITECTURE' => 'x86'
    'PROCESSOR_ARCHITEW6432' => 'AMD64'
    'PROCESSOR_IDENTIFIER' => 'Intel64 Family 6 Model 58 Stepping 9, GenuineIntel'
    'PROCESSOR_LEVEL' => '6'
    'PROCESSOR_REVISION' => '3a09'
    'ProgramData' => 'C:\\ProgramData'
    'ProgramFiles' => 'C:\\Program Files (x86)'
    'ProgramFiles(x86)' => 'C:\\Program Files (x86)'
    'ProgramW6432' => 'C:\\Program Files'
    'PROMPT' => '$P$G'
    'PSModulePath' => 'C:\\Windows\\system32\\WindowsPowerShell\\v1.0\\Modules\\'
    'PUBLIC' => 'C:\\Users\\Public'
    'SESSIONNAME' => 'Console'
    'SystemDrive' => 'C:'
    'SystemRoot' => 'C:\\Windows'
    'TEMP' => 'C:\\Users\\User\\AppData\\Local\\Temp'
    'TMP' => 'C:\\Users\\User\\AppData\\Local\\Temp'
    'USERDOMAIN' => 'w002'
    'USERNAME' => 'User'
    'USERPROFILE' => 'C:\\Users\\User'
    'windir' => 'C:\\Windows'
    'windows_tracing_flags' => '3'
    'windows_tracing_logfile' => 'C:\\BVTBin\\Tests\\installpackage\\csilogfile.log'
    'YII_PATH' => 'D:\\Server\\www\\project\\'
    'PHP_SELF' => 'D:\\Server\\www\\project\\yii'
    'SCRIPT_NAME' => 'D:\\Server\\www\\project\\yii'
    'SCRIPT_FILENAME' => 'D:\\Server\\www\\project\\yii'
    'PATH_TRANSLATED' => 'D:\\Server\\www\\project\\yii'
    'DOCUMENT_ROOT' => ''
    'REQUEST_TIME_FLOAT' => 1434540368.4637
    'REQUEST_TIME' => 1434540368
    'argv' => [
        0 => 'D:\\Server\\www\\project\\yii'
        1 => 'rbac/init'
    ]
    'argc' => 2
]
2015-09-02 09:16:40 [-][-][-][error][yii\console\Exception] exception 'yii\base\InvalidRouteException' with message 'Unable to resolve the request "crate".' in D:\Server\www\project\vendor\yiisoft\yii2\base\Module.php:461
Stack trace:
#0 D:\Server\www\project\vendor\yiisoft\yii2\console\Application.php(161): yii\base\Module->runAction('crate', Array)
#1 D:\Server\www\project\vendor\yiisoft\yii2\console\Application.php(137): yii\console\Application->runAction('crate', Array)
#2 D:\Server\www\project\vendor\yiisoft\yii2\base\Application.php(375): yii\console\Application->handleRequest(Object(yii\console\Request))
#3 D:\Server\www\project\yii(31): yii\base\Application->run()
#4 {main}

Next exception 'yii\console\Exception' with message 'Unknown command "crate".' in D:\Server\www\project\vendor\yiisoft\yii2\console\Application.php:163
Stack trace:
#0 D:\Server\www\project\vendor\yiisoft\yii2\console\Application.php(137): yii\console\Application->runAction('crate', Array)
#1 D:\Server\www\project\vendor\yiisoft\yii2\base\Application.php(375): yii\console\Application->handleRequest(Object(yii\console\Request))
#2 D:\Server\www\project\yii(31): yii\base\Application->run()
#3 {main}
2015-09-02 09:16:40 [-][-][-][info][application] $_SERVER = [
    'ALLUSERSPROFILE' => 'C:\\ProgramData'
    'APPDATA' => 'C:\\Users\\User\\AppData\\Roaming'
    'CommonProgramFiles' => 'C:\\Program Files (x86)\\Common Files'
    'CommonProgramFiles(x86)' => 'C:\\Program Files (x86)\\Common Files'
    'CommonProgramW6432' => 'C:\\Program Files\\Common Files'
    'COMPUTERNAME' => 'W113'
    'ComSpec' => 'C:\\Windows\\system32\\cmd.exe'
    'FP_NO_HOST_CHECK' => 'NO'
    'HOMEDRIVE' => 'C:'
    'HOMEPATH' => '\\Users\\User'
    'LOCALAPPDATA' => 'C:\\Users\\User\\AppData\\Local'
    'LOGONSERVER' => '\\\\W113'
    'NUMBER_OF_PROCESSORS' => '2'
    'OS' => 'Windows_NT'
    'Path' => 'C:\\Program Files (x86)\\Intel\\iCLS Client\\;C:\\Program Files\\Intel\\iCLS Client\\;C:\\Windows\\system32;C:\\Windows;C:\\Windows\\System32\\Wbem;C:\\Windows\\System32\\WindowsPowerShell\\v1.0\\;C:\\Program Files\\Intel\\Intel(R) Management Engine Components\\DAL;C:\\Program Files (x86)\\Intel\\Intel(R) Management Engine Components\\DAL;C:\\Program Files\\Intel\\Intel(R) Management Engine Components\\IPT;C:\\Program Files (x86)\\Intel\\Intel(R) Management Engine Components\\IPT;C:\\Program Files (x86)\\Skype\\Phone\\;D:\\Server\\php;C:\\ProgramData\\ComposerSetup\\bin'
    'PATHEXT' => '.COM;.EXE;.BAT;.CMD;.VBS;.VBE;.JS;.JSE;.WSF;.WSH;.MSC'
    'PHP_COMMAND' => 'php.exe'
    'PROCESSOR_ARCHITECTURE' => 'x86'
    'PROCESSOR_ARCHITEW6432' => 'AMD64'
    'PROCESSOR_IDENTIFIER' => 'Intel64 Family 6 Model 60 Stepping 3, GenuineIntel'
    'PROCESSOR_LEVEL' => '6'
    'PROCESSOR_REVISION' => '3c03'
    'ProgramData' => 'C:\\ProgramData'
    'ProgramFiles' => 'C:\\Program Files (x86)'
    'ProgramFiles(x86)' => 'C:\\Program Files (x86)'
    'ProgramW6432' => 'C:\\Program Files'
    'PROMPT' => '$P$G'
    'PSModulePath' => 'C:\\Windows\\system32\\WindowsPowerShell\\v1.0\\Modules\\'
    'PUBLIC' => 'C:\\Users\\Public'
    'SESSIONNAME' => 'Console'
    'SystemDrive' => 'C:'
    'SystemRoot' => 'C:\\Windows'
    'TEMP' => 'C:\\Users\\User\\AppData\\Local\\Temp'
    'TMP' => 'C:\\Users\\User\\AppData\\Local\\Temp'
    'USERDOMAIN' => 'W113'
    'USERNAME' => 'User'
    'USERPROFILE' => 'C:\\Users\\User'
    'windir' => 'C:\\Windows'
    'windows_tracing_flags' => '3'
    'windows_tracing_logfile' => 'C:\\BVTBin\\Tests\\installpackage\\csilogfile.log'
    'YII_PATH' => 'D:\\Server\\www\\project\\'
    'PHP_SELF' => 'D:\\Server\\www\\project\\yii'
    'SCRIPT_NAME' => 'D:\\Server\\www\\project\\yii'
    'SCRIPT_FILENAME' => 'D:\\Server\\www\\project\\yii'
    'PATH_TRANSLATED' => 'D:\\Server\\www\\project\\yii'
    'DOCUMENT_ROOT' => ''
    'REQUEST_TIME_FLOAT' => 1441185400.2483
    'REQUEST_TIME' => 1441185400
    'argv' => [
        0 => 'D:\\Server\\www\\project\\yii'
        1 => 'crate'
        2 => 'migrate'
    ]
    'argc' => 3
]
2015-09-02 09:16:46 [-][-][-][error][yii\console\Exception] exception 'yii\base\InvalidRouteException' with message 'Unable to resolve the request "create".' in D:\Server\www\project\vendor\yiisoft\yii2\base\Module.php:461
Stack trace:
#0 D:\Server\www\project\vendor\yiisoft\yii2\console\Application.php(161): yii\base\Module->runAction('create', Array)
#1 D:\Server\www\project\vendor\yiisoft\yii2\console\Application.php(137): yii\console\Application->runAction('create', Array)
#2 D:\Server\www\project\vendor\yiisoft\yii2\base\Application.php(375): yii\console\Application->handleRequest(Object(yii\console\Request))
#3 D:\Server\www\project\yii(31): yii\base\Application->run()
#4 {main}

Next exception 'yii\console\Exception' with message 'Unknown command "create".' in D:\Server\www\project\vendor\yiisoft\yii2\console\Application.php:163
Stack trace:
#0 D:\Server\www\project\vendor\yiisoft\yii2\console\Application.php(137): yii\console\Application->runAction('create', Array)
#1 D:\Server\www\project\vendor\yiisoft\yii2\base\Application.php(375): yii\console\Application->handleRequest(Object(yii\console\Request))
#2 D:\Server\www\project\yii(31): yii\base\Application->run()
#3 {main}
2015-09-02 09:16:46 [-][-][-][info][application] $_SERVER = [
    'ALLUSERSPROFILE' => 'C:\\ProgramData'
    'APPDATA' => 'C:\\Users\\User\\AppData\\Roaming'
    'CommonProgramFiles' => 'C:\\Program Files (x86)\\Common Files'
    'CommonProgramFiles(x86)' => 'C:\\Program Files (x86)\\Common Files'
    'CommonProgramW6432' => 'C:\\Program Files\\Common Files'
    'COMPUTERNAME' => 'W113'
    'ComSpec' => 'C:\\Windows\\system32\\cmd.exe'
    'FP_NO_HOST_CHECK' => 'NO'
    'HOMEDRIVE' => 'C:'
    'HOMEPATH' => '\\Users\\User'
    'LOCALAPPDATA' => 'C:\\Users\\User\\AppData\\Local'
    'LOGONSERVER' => '\\\\W113'
    'NUMBER_OF_PROCESSORS' => '2'
    'OS' => 'Windows_NT'
    'Path' => 'C:\\Program Files (x86)\\Intel\\iCLS Client\\;C:\\Program Files\\Intel\\iCLS Client\\;C:\\Windows\\system32;C:\\Windows;C:\\Windows\\System32\\Wbem;C:\\Windows\\System32\\WindowsPowerShell\\v1.0\\;C:\\Program Files\\Intel\\Intel(R) Management Engine Components\\DAL;C:\\Program Files (x86)\\Intel\\Intel(R) Management Engine Components\\DAL;C:\\Program Files\\Intel\\Intel(R) Management Engine Components\\IPT;C:\\Program Files (x86)\\Intel\\Intel(R) Management Engine Components\\IPT;C:\\Program Files (x86)\\Skype\\Phone\\;D:\\Server\\php;C:\\ProgramData\\ComposerSetup\\bin'
    'PATHEXT' => '.COM;.EXE;.BAT;.CMD;.VBS;.VBE;.JS;.JSE;.WSF;.WSH;.MSC'
    'PHP_COMMAND' => 'php.exe'
    'PROCESSOR_ARCHITECTURE' => 'x86'
    'PROCESSOR_ARCHITEW6432' => 'AMD64'
    'PROCESSOR_IDENTIFIER' => 'Intel64 Family 6 Model 60 Stepping 3, GenuineIntel'
    'PROCESSOR_LEVEL' => '6'
    'PROCESSOR_REVISION' => '3c03'
    'ProgramData' => 'C:\\ProgramData'
    'ProgramFiles' => 'C:\\Program Files (x86)'
    'ProgramFiles(x86)' => 'C:\\Program Files (x86)'
    'ProgramW6432' => 'C:\\Program Files'
    'PROMPT' => '$P$G'
    'PSModulePath' => 'C:\\Windows\\system32\\WindowsPowerShell\\v1.0\\Modules\\'
    'PUBLIC' => 'C:\\Users\\Public'
    'SESSIONNAME' => 'Console'
    'SystemDrive' => 'C:'
    'SystemRoot' => 'C:\\Windows'
    'TEMP' => 'C:\\Users\\User\\AppData\\Local\\Temp'
    'TMP' => 'C:\\Users\\User\\AppData\\Local\\Temp'
    'USERDOMAIN' => 'W113'
    'USERNAME' => 'User'
    'USERPROFILE' => 'C:\\Users\\User'
    'windir' => 'C:\\Windows'
    'windows_tracing_flags' => '3'
    'windows_tracing_logfile' => 'C:\\BVTBin\\Tests\\installpackage\\csilogfile.log'
    'YII_PATH' => 'D:\\Server\\www\\project\\'
    'PHP_SELF' => 'D:\\Server\\www\\project\\yii'
    'SCRIPT_NAME' => 'D:\\Server\\www\\project\\yii'
    'SCRIPT_FILENAME' => 'D:\\Server\\www\\project\\yii'
    'PATH_TRANSLATED' => 'D:\\Server\\www\\project\\yii'
    'DOCUMENT_ROOT' => ''
    'REQUEST_TIME_FLOAT' => 1441185406.4177
    'REQUEST_TIME' => 1441185406
    'argv' => [
        0 => 'D:\\Server\\www\\project\\yii'
        1 => 'create'
        2 => 'migrate'
    ]
    'argc' => 3
]
2015-09-02 09:17:44 [-][-][-][error][yii\db\Exception] exception 'PDOException' with message 'SQLSTATE[HY000] [2002] Попытка установить соединение была безуспешной, т.к. от другого компьютера за требуемое время не получен нужный отклик, или было разорвано уже установленное соединение из-за неверного отклика уже подключенного компьютера.
' in D:\Server\www\project\vendor\yiisoft\yii2\db\Connection.php:579
Stack trace:
#0 D:\Server\www\project\vendor\yiisoft\yii2\db\Connection.php(579): PDO->__construct('mysql:host=10.0...', 'odezhdaegorov', 'Sda23hGRT', NULL)
#1 D:\Server\www\project\vendor\yiisoft\yii2\db\Connection.php(529): yii\db\Connection->createPdoInstance()
#2 D:\Server\www\project\vendor\yiisoft\yii2\db\Connection.php(836): yii\db\Connection->open()
#3 D:\Server\www\project\vendor\yiisoft\yii2\db\Connection.php(823): yii\db\Connection->getMasterPdo()
#4 D:\Server\www\project\vendor\yiisoft\yii2\db\Command.php(206): yii\db\Connection->getSlavePdo()
#5 D:\Server\www\project\vendor\yiisoft\yii2\db\Command.php(819): yii\db\Command->prepare(true)
#6 D:\Server\www\project\vendor\yiisoft\yii2\db\Command.php(349): yii\db\Command->queryInternal('fetchAll', NULL)
#7 D:\Server\www\project\vendor\yiisoft\yii2\db\mysql\Schema.php(198): yii\db\Command->queryAll()
#8 D:\Server\www\project\vendor\yiisoft\yii2\db\mysql\Schema.php(97): yii\db\mysql\Schema->findColumns(Object(yii\db\TableSchema))
#9 D:\Server\www\project\vendor\yiisoft\yii2\db\Schema.php(146): yii\db\mysql\Schema->loadTableSchema('migration')
#10 D:\Server\www\project\vendor\yiisoft\yii2\console\controllers\MigrateController.php(121): yii\db\Schema->getTableSchema('{{%migration}}', true)
#11 D:\Server\www\project\vendor\yiisoft\yii2\console\controllers\BaseMigrateController.php(610): yii\console\controllers\MigrateController->getMigrationHistory(NULL)
#12 D:\Server\www\project\vendor\yiisoft\yii2\console\controllers\BaseMigrateController.php(102): yii\console\controllers\BaseMigrateController->getNewMigrations()
#13 [internal function]: yii\console\controllers\BaseMigrateController->actionUp('create')
#14 D:\Server\www\project\vendor\yiisoft\yii2\base\InlineAction.php(55): call_user_func_array(Array, Array)
#15 D:\Server\www\project\vendor\yiisoft\yii2\base\Controller.php(151): yii\base\InlineAction->runWithParams(Array)
#16 D:\Server\www\project\vendor\yiisoft\yii2\console\Controller.php(91): yii\base\Controller->runAction('', Array)
#17 D:\Server\www\project\vendor\yiisoft\yii2\base\Module.php(455): yii\console\Controller->runAction('', Array)
#18 D:\Server\www\project\vendor\yiisoft\yii2\console\Application.php(161): yii\base\Module->runAction('migrate', Array)
#19 D:\Server\www\project\vendor\yiisoft\yii2\console\Application.php(137): yii\console\Application->runAction('migrate', Array)
#20 D:\Server\www\project\vendor\yiisoft\yii2\base\Application.php(375): yii\console\Application->handleRequest(Object(yii\console\Request))
#21 D:\Server\www\project\yii(31): yii\base\Application->run()
#22 {main}

Next exception 'yii\db\Exception' with message 'SQLSTATE[HY000] [2002] Попытка установить соединение была безуспешной, т.к. от другого компьютера за требуемое время не получен нужный отклик, или было разорвано уже установленное соединение из-за неверного отклика уже подключенного компьютера.
' in D:\Server\www\project\vendor\yiisoft\yii2\db\Connection.php:534
Stack trace:
#0 D:\Server\www\project\vendor\yiisoft\yii2\db\Connection.php(836): yii\db\Connection->open()
#1 D:\Server\www\project\vendor\yiisoft\yii2\db\Connection.php(823): yii\db\Connection->getMasterPdo()
#2 D:\Server\www\project\vendor\yiisoft\yii2\db\Command.php(206): yii\db\Connection->getSlavePdo()
#3 D:\Server\www\project\vendor\yiisoft\yii2\db\Command.php(819): yii\db\Command->prepare(true)
#4 D:\Server\www\project\vendor\yiisoft\yii2\db\Command.php(349): yii\db\Command->queryInternal('fetchAll', NULL)
#5 D:\Server\www\project\vendor\yiisoft\yii2\db\mysql\Schema.php(198): yii\db\Command->queryAll()
#6 D:\Server\www\project\vendor\yiisoft\yii2\db\mysql\Schema.php(97): yii\db\mysql\Schema->findColumns(Object(yii\db\TableSchema))
#7 D:\Server\www\project\vendor\yiisoft\yii2\db\Schema.php(146): yii\db\mysql\Schema->loadTableSchema('migration')
#8 D:\Server\www\project\vendor\yiisoft\yii2\console\controllers\MigrateController.php(121): yii\db\Schema->getTableSchema('{{%migration}}', true)
#9 D:\Server\www\project\vendor\yiisoft\yii2\console\controllers\BaseMigrateController.php(610): yii\console\controllers\MigrateController->getMigrationHistory(NULL)
#10 D:\Server\www\project\vendor\yiisoft\yii2\console\controllers\BaseMigrateController.php(102): yii\console\controllers\BaseMigrateController->getNewMigrations()
#11 [internal function]: yii\console\controllers\BaseMigrateController->actionUp('create')
#12 D:\Server\www\project\vendor\yiisoft\yii2\base\InlineAction.php(55): call_user_func_array(Array, Array)
#13 D:\Server\www\project\vendor\yiisoft\yii2\base\Controller.php(151): yii\base\InlineAction->runWithParams(Array)
#14 D:\Server\www\project\vendor\yiisoft\yii2\console\Controller.php(91): yii\base\Controller->runAction('', Array)
#15 D:\Server\www\project\vendor\yiisoft\yii2\base\Module.php(455): yii\console\Controller->runAction('', Array)
#16 D:\Server\www\project\vendor\yiisoft\yii2\console\Application.php(161): yii\base\Module->runAction('migrate', Array)
#17 D:\Server\www\project\vendor\yiisoft\yii2\console\Application.php(137): yii\console\Application->runAction('migrate', Array)
#18 D:\Server\www\project\vendor\yiisoft\yii2\base\Application.php(375): yii\console\Application->handleRequest(Object(yii\console\Request))
#19 D:\Server\www\project\yii(31): yii\base\Application->run()
#20 {main}
Additional Information:

2015-09-02 09:17:23 [-][-][-][info][application] $_SERVER = [
    'ALLUSERSPROFILE' => 'C:\\ProgramData'
    'APPDATA' => 'C:\\Users\\User\\AppData\\Roaming'
    'CommonProgramFiles' => 'C:\\Program Files (x86)\\Common Files'
    'CommonProgramFiles(x86)' => 'C:\\Program Files (x86)\\Common Files'
    'CommonProgramW6432' => 'C:\\Program Files\\Common Files'
    'COMPUTERNAME' => 'W113'
    'ComSpec' => 'C:\\Windows\\system32\\cmd.exe'
    'FP_NO_HOST_CHECK' => 'NO'
    'HOMEDRIVE' => 'C:'
    'HOMEPATH' => '\\Users\\User'
    'LOCALAPPDATA' => 'C:\\Users\\User\\AppData\\Local'
    'LOGONSERVER' => '\\\\W113'
    'NUMBER_OF_PROCESSORS' => '2'
    'OS' => 'Windows_NT'
    'Path' => 'C:\\Program Files (x86)\\Intel\\iCLS Client\\;C:\\Program Files\\Intel\\iCLS Client\\;C:\\Windows\\system32;C:\\Windows;C:\\Windows\\System32\\Wbem;C:\\Windows\\System32\\WindowsPowerShell\\v1.0\\;C:\\Program Files\\Intel\\Intel(R) Management Engine Components\\DAL;C:\\Program Files (x86)\\Intel\\Intel(R) Management Engine Components\\DAL;C:\\Program Files\\Intel\\Intel(R) Management Engine Components\\IPT;C:\\Program Files (x86)\\Intel\\Intel(R) Management Engine Components\\IPT;C:\\Program Files (x86)\\Skype\\Phone\\;D:\\Server\\php;C:\\ProgramData\\ComposerSetup\\bin'
    'PATHEXT' => '.COM;.EXE;.BAT;.CMD;.VBS;.VBE;.JS;.JSE;.WSF;.WSH;.MSC'
    'PHP_COMMAND' => 'php.exe'
    'PROCESSOR_ARCHITECTURE' => 'x86'
    'PROCESSOR_ARCHITEW6432' => 'AMD64'
    'PROCESSOR_IDENTIFIER' => 'Intel64 Family 6 Model 60 Stepping 3, GenuineIntel'
    'PROCESSOR_LEVEL' => '6'
    'PROCESSOR_REVISION' => '3c03'
    'ProgramData' => 'C:\\ProgramData'
    'ProgramFiles' => 'C:\\Program Files (x86)'
    'ProgramFiles(x86)' => 'C:\\Program Files (x86)'
    'ProgramW6432' => 'C:\\Program Files'
    'PROMPT' => '$P$G'
    'PSModulePath' => 'C:\\Windows\\system32\\WindowsPowerShell\\v1.0\\Modules\\'
    'PUBLIC' => 'C:\\Users\\Public'
    'SESSIONNAME' => 'Console'
    'SystemDrive' => 'C:'
    'SystemRoot' => 'C:\\Windows'
    'TEMP' => 'C:\\Users\\User\\AppData\\Local\\Temp'
    'TMP' => 'C:\\Users\\User\\AppData\\Local\\Temp'
    'USERDOMAIN' => 'W113'
    'USERNAME' => 'User'
    'USERPROFILE' => 'C:\\Users\\User'
    'windir' => 'C:\\Windows'
    'windows_tracing_flags' => '3'
    'windows_tracing_logfile' => 'C:\\BVTBin\\Tests\\installpackage\\csilogfile.log'
    'YII_PATH' => 'D:\\Server\\www\\project\\'
    'PHP_SELF' => 'D:\\Server\\www\\project\\yii'
    'SCRIPT_NAME' => 'D:\\Server\\www\\project\\yii'
    'SCRIPT_FILENAME' => 'D:\\Server\\www\\project\\yii'
    'PATH_TRANSLATED' => 'D:\\Server\\www\\project\\yii'
    'DOCUMENT_ROOT' => ''
    'REQUEST_TIME_FLOAT' => 1441185443.3498
    'REQUEST_TIME' => 1441185443
    'argv' => [
        0 => 'D:\\Server\\www\\project\\yii'
        1 => 'migrate'
        2 => 'create'
    ]
    'argc' => 3
]
